The system is: Darwin - 16.5.0 - x86_64
Compiling the C compiler identification source file "CMakeCCompilerId.c" succeeded.
Compiler: /Library/Developer/CommandLineTools/usr/bin/cc 
Build flags: 
Id flags:  

The output was:
0


Compilation of the C compiler identification source "CMakeCCompilerId.c" produced "a.out"

The C compiler identification is AppleClang, found in "/Users/paolo/Documents/Poli/HardwareSecurity/SecondaParte/ugp3-v3.4.0_71/ugp3-v3.4.0_71/CMakeFiles/3.8.0/CompilerIdC/a.out"

Compiling the CXX compiler identification source file "CMakeCXXCompilerId.cpp" succeeded.
Compiler: /Library/Developer/CommandLineTools/usr/bin/c++ 
Build flags: 
Id flags:  

The output was:
0


Compilation of the CXX compiler identification source "CMakeCXXCompilerId.cpp" produced "a.out"

The CXX compiler identification is AppleClang, found in "/Users/paolo/Documents/Poli/HardwareSecurity/SecondaParte/ugp3-v3.4.0_71/ugp3-v3.4.0_71/CMakeFiles/3.8.0/CompilerIdCXX/a.out"

Determining if the C compiler works passed with the following output:
Change Dir: /Users/paolo/Documents/Poli/HardwareSecurity/SecondaParte/ugp3-v3.4.0_71/ugp3-v3.4.0_71/CMakeFiles/CMakeTmp

Run Build Command:"/usr/bin/make" "cmTC_a611d/fast"
/Library/Developer/CommandLineTools/usr/bin/make -f CMakeFiles/cmTC_a611d.dir/build.make CMakeFiles/cmTC_a611d.dir/build
Building C object CMakeFiles/cmTC_a611d.dir/testCCompiler.c.o
/Library/Developer/CommandLineTools/usr/bin/cc    -o CMakeFiles/cmTC_a611d.dir/testCCompiler.c.o   -c /Users/paolo/Documents/Poli/HardwareSecurity/SecondaParte/ugp3-v3.4.0_71/ugp3-v3.4.0_71/CMakeFiles/CMakeTmp/testCCompiler.c
Linking C executable cmTC_a611d
/usr/local/Cellar/cmake/3.8.0/bin/cmake -E cmake_link_script CMakeFiles/cmTC_a611d.dir/link.txt --verbose=1
/Library/Developer/CommandLineTools/usr/bin/cc   -Wl,-search_paths_first -Wl,-headerpad_max_install_names   CMakeFiles/cmTC_a611d.dir/testCCompiler.c.o  -o cmTC_a611d 


Detecting C compiler ABI info compiled with the following output:
Change Dir: /Users/paolo/Documents/Poli/HardwareSecurity/SecondaParte/ugp3-v3.4.0_71/ugp3-v3.4.0_71/CMakeFiles/CMakeTmp

Run Build Command:"/usr/bin/make" "cmTC_1c884/fast"
/Library/Developer/CommandLineTools/usr/bin/make -f CMakeFiles/cmTC_1c884.dir/build.make CMakeFiles/cmTC_1c884.dir/build
Building C object CMakeFiles/cmTC_1c884.dir/CMakeCCompilerABI.c.o
/Library/Developer/CommandLineTools/usr/bin/cc    -o CMakeFiles/cmTC_1c884.dir/CMakeCCompilerABI.c.o   -c /usr/local/Cellar/cmake/3.8.0/share/cmake/Modules/CMakeCCompilerABI.c
Linking C executable cmTC_1c884
/usr/local/Cellar/cmake/3.8.0/bin/cmake -E cmake_link_script CMakeFiles/cmTC_1c884.dir/link.txt --verbose=1
/Library/Developer/CommandLineTools/usr/bin/cc   -Wl,-search_paths_first -Wl,-headerpad_max_install_names  -v -Wl,-v CMakeFiles/cmTC_1c884.dir/CMakeCCompilerABI.c.o  -o cmTC_1c884 
Apple LLVM version 8.1.0 (clang-802.0.38)
Target: x86_64-apple-darwin16.5.0
Thread model: posix
InstalledDir: /Library/Developer/CommandLineTools/usr/bin
 "/Library/Developer/CommandLineTools/usr/bin/ld" -demangle -lto_library /Library/Developer/CommandLineTools/usr/lib/libLTO.dylib -dynamic -arch x86_64 -macosx_version_min 10.12.0 -o cmTC_1c884 -search_paths_first -headerpad_max_install_names -v CMakeFiles/cmTC_1c884.dir/CMakeCCompilerABI.c.o -lSystem /Library/Developer/CommandLineTools/usr/bin/../lib/clang/8.1.0/lib/darwin/libclang_rt.osx.a
@(#)PROGRAM:ld  PROJECT:ld64-278.4
configured to support archs: armv6 armv7 armv7s arm64 i386 x86_64 x86_64h armv6m armv7k armv7m armv7em (tvOS)
Library search paths:
	/usr/lib
	/usr/local/lib
Framework search paths:
	/Library/Frameworks/
	/System/Library/Frameworks/


Parsed C implicit link information from above output:
  link line regex: [^( *|.*[/\])(ld|([^/\]+-)?ld|collect2)[^/\]*( |$)]
  ignore line: [Change Dir: /Users/paolo/Documents/Poli/HardwareSecurity/SecondaParte/ugp3-v3.4.0_71/ugp3-v3.4.0_71/CMakeFiles/CMakeTmp]
  ignore line: []
  ignore line: [Run Build Command:"/usr/bin/make" "cmTC_1c884/fast"]
  ignore line: [/Library/Developer/CommandLineTools/usr/bin/make -f CMakeFiles/cmTC_1c884.dir/build.make CMakeFiles/cmTC_1c884.dir/build]
  ignore line: [Building C object CMakeFiles/cmTC_1c884.dir/CMakeCCompilerABI.c.o]
  ignore line: [/Library/Developer/CommandLineTools/usr/bin/cc    -o CMakeFiles/cmTC_1c884.dir/CMakeCCompilerABI.c.o   -c /usr/local/Cellar/cmake/3.8.0/share/cmake/Modules/CMakeCCompilerABI.c]
  ignore line: [Linking C executable cmTC_1c884]
  ignore line: [/usr/local/Cellar/cmake/3.8.0/bin/cmake -E cmake_link_script CMakeFiles/cmTC_1c884.dir/link.txt --verbose=1]
  ignore line: [/Library/Developer/CommandLineTools/usr/bin/cc   -Wl,-search_paths_first -Wl,-headerpad_max_install_names  -v -Wl,-v CMakeFiles/cmTC_1c884.dir/CMakeCCompilerABI.c.o  -o cmTC_1c884 ]
  ignore line: [Apple LLVM version 8.1.0 (clang-802.0.38)]
  ignore line: [Target: x86_64-apple-darwin16.5.0]
  ignore line: [Thread model: posix]
  ignore line: [InstalledDir: /Library/Developer/CommandLineTools/usr/bin]
  link line: [ "/Library/Developer/CommandLineTools/usr/bin/ld" -demangle -lto_library /Library/Developer/CommandLineTools/usr/lib/libLTO.dylib -dynamic -arch x86_64 -macosx_version_min 10.12.0 -o cmTC_1c884 -search_paths_first -headerpad_max_install_names -v CMakeFiles/cmTC_1c884.dir/CMakeCCompilerABI.c.o -lSystem /Library/Developer/CommandLineTools/usr/bin/../lib/clang/8.1.0/lib/darwin/libclang_rt.osx.a]
    arg [/Library/Developer/CommandLineTools/usr/bin/ld] ==> ignore
    arg [-demangle] ==> ignore
    arg [-lto_library] ==> ignore, skip following value
    arg [/Library/Developer/CommandLineTools/usr/lib/libLTO.dylib] ==> skip value of -lto_library
    arg [-dynamic] ==> ignore
    arg [-arch] ==> ignore
    arg [x86_64] ==> ignore
    arg [-macosx_version_min] ==> ignore
    arg [10.12.0] ==> ignore
    arg [-o] ==> ignore
    arg [cmTC_1c884] ==> ignore
    arg [-search_paths_first] ==> ignore
    arg [-headerpad_max_install_names] ==> ignore
    arg [-v] ==> ignore
    arg [CMakeFiles/cmTC_1c884.dir/CMakeCCompilerABI.c.o] ==> ignore
    arg [-lSystem] ==> lib [System]
    arg [/Library/Developer/CommandLineTools/usr/bin/../lib/clang/8.1.0/lib/darwin/libclang_rt.osx.a] ==> lib [/Library/Developer/CommandLineTools/usr/bin/../lib/clang/8.1.0/lib/darwin/libclang_rt.osx.a]
  Library search paths: [;/usr/lib;/usr/local/lib]
  Framework search paths: [;/Library/Frameworks/;/System/Library/Frameworks/]
  remove lib [System]
  remove lib [/Library/Developer/CommandLineTools/usr/bin/../lib/clang/8.1.0/lib/darwin/libclang_rt.osx.a]
  collapse library dir [/usr/lib] ==> [/usr/lib]
  collapse library dir [/usr/local/lib] ==> [/usr/local/lib]
  collapse framework dir [/Library/Frameworks/] ==> [/Library/Frameworks]
  collapse framework dir [/System/Library/Frameworks/] ==> [/System/Library/Frameworks]
  implicit libs: []
  implicit dirs: [/usr/lib;/usr/local/lib]
  implicit fwks: [/Library/Frameworks;/System/Library/Frameworks]




Detecting C [-std=c11] compiler features compiled with the following output:
Change Dir: /Users/paolo/Documents/Poli/HardwareSecurity/SecondaParte/ugp3-v3.4.0_71/ugp3-v3.4.0_71/CMakeFiles/CMakeTmp

Run Build Command:"/usr/bin/make" "cmTC_bdc6f/fast"
/Library/Developer/CommandLineTools/usr/bin/make -f CMakeFiles/cmTC_bdc6f.dir/build.make CMakeFiles/cmTC_bdc6f.dir/build
Building C object CMakeFiles/cmTC_bdc6f.dir/feature_tests.c.o
/Library/Developer/CommandLineTools/usr/bin/cc   -std=c11 -o CMakeFiles/cmTC_bdc6f.dir/feature_tests.c.o   -c /Users/paolo/Documents/Poli/HardwareSecurity/SecondaParte/ugp3-v3.4.0_71/ugp3-v3.4.0_71/CMakeFiles/feature_tests.c
Linking C executable cmTC_bdc6f
/usr/local/Cellar/cmake/3.8.0/bin/cmake -E cmake_link_script CMakeFiles/cmTC_bdc6f.dir/link.txt --verbose=1
/Library/Developer/CommandLineTools/usr/bin/cc   -Wl,-search_paths_first -Wl,-headerpad_max_install_names   CMakeFiles/cmTC_bdc6f.dir/feature_tests.c.o  -o cmTC_bdc6f 


    Feature record: C_FEATURE:1c_function_prototypes
    Feature record: C_FEATURE:1c_restrict
    Feature record: C_FEATURE:1c_static_assert
    Feature record: C_FEATURE:1c_variadic_macros


Detecting C [-std=c99] compiler features compiled with the following output:
Change Dir: /Users/paolo/Documents/Poli/HardwareSecurity/SecondaParte/ugp3-v3.4.0_71/ugp3-v3.4.0_71/CMakeFiles/CMakeTmp

Run Build Command:"/usr/bin/make" "cmTC_7f20a/fast"
/Library/Developer/CommandLineTools/usr/bin/make -f CMakeFiles/cmTC_7f20a.dir/build.make CMakeFiles/cmTC_7f20a.dir/build
Building C object CMakeFiles/cmTC_7f20a.dir/feature_tests.c.o
/Library/Developer/CommandLineTools/usr/bin/cc   -std=c99 -o CMakeFiles/cmTC_7f20a.dir/feature_tests.c.o   -c /Users/paolo/Documents/Poli/HardwareSecurity/SecondaParte/ugp3-v3.4.0_71/ugp3-v3.4.0_71/CMakeFiles/feature_tests.c
Linking C executable cmTC_7f20a
/usr/local/Cellar/cmake/3.8.0/bin/cmake -E cmake_link_script CMakeFiles/cmTC_7f20a.dir/link.txt --verbose=1
/Library/Developer/CommandLineTools/usr/bin/cc   -Wl,-search_paths_first -Wl,-headerpad_max_install_names   CMakeFiles/cmTC_7f20a.dir/feature_tests.c.o  -o cmTC_7f20a 


    Feature record: C_FEATURE:1c_function_prototypes
    Feature record: C_FEATURE:1c_restrict
    Feature record: C_FEATURE:0c_static_assert
    Feature record: C_FEATURE:1c_variadic_macros


Detecting C [-std=c90] compiler features compiled with the following output:
Change Dir: /Users/paolo/Documents/Poli/HardwareSecurity/SecondaParte/ugp3-v3.4.0_71/ugp3-v3.4.0_71/CMakeFiles/CMakeTmp

Run Build Command:"/usr/bin/make" "cmTC_dbba1/fast"
/Library/Developer/CommandLineTools/usr/bin/make -f CMakeFiles/cmTC_dbba1.dir/build.make CMakeFiles/cmTC_dbba1.dir/build
Building C object CMakeFiles/cmTC_dbba1.dir/feature_tests.c.o
/Library/Developer/CommandLineTools/usr/bin/cc   -std=c90 -o CMakeFiles/cmTC_dbba1.dir/feature_tests.c.o   -c /Users/paolo/Documents/Poli/HardwareSecurity/SecondaParte/ugp3-v3.4.0_71/ugp3-v3.4.0_71/CMakeFiles/feature_tests.c
Linking C executable cmTC_dbba1
/usr/local/Cellar/cmake/3.8.0/bin/cmake -E cmake_link_script CMakeFiles/cmTC_dbba1.dir/link.txt --verbose=1
/Library/Developer/CommandLineTools/usr/bin/cc   -Wl,-search_paths_first -Wl,-headerpad_max_install_names   CMakeFiles/cmTC_dbba1.dir/feature_tests.c.o  -o cmTC_dbba1 


    Feature record: C_FEATURE:1c_function_prototypes
    Feature record: C_FEATURE:0c_restrict
    Feature record: C_FEATURE:0c_static_assert
    Feature record: C_FEATURE:0c_variadic_macros
Determining if the CXX compiler works passed with the following output:
Change Dir: /Users/paolo/Documents/Poli/HardwareSecurity/SecondaParte/ugp3-v3.4.0_71/ugp3-v3.4.0_71/CMakeFiles/CMakeTmp

Run Build Command:"/usr/bin/make" "cmTC_b344f/fast"
/Library/Developer/CommandLineTools/usr/bin/make -f CMakeFiles/cmTC_b344f.dir/build.make CMakeFiles/cmTC_b344f.dir/build
Building CXX object CMakeFiles/cmTC_b344f.dir/testCXXCompiler.cxx.o
/Library/Developer/CommandLineTools/usr/bin/c++     -o CMakeFiles/cmTC_b344f.dir/testCXXCompiler.cxx.o -c /Users/paolo/Documents/Poli/HardwareSecurity/SecondaParte/ugp3-v3.4.0_71/ugp3-v3.4.0_71/CMakeFiles/CMakeTmp/testCXXCompiler.cxx
Linking CXX executable cmTC_b344f
/usr/local/Cellar/cmake/3.8.0/bin/cmake -E cmake_link_script CMakeFiles/cmTC_b344f.dir/link.txt --verbose=1
/Library/Developer/CommandLineTools/usr/bin/c++    -Wl,-search_paths_first -Wl,-headerpad_max_install_names   CMakeFiles/cmTC_b344f.dir/testCXXCompiler.cxx.o  -o cmTC_b344f 


Detecting CXX compiler ABI info compiled with the following output:
Change Dir: /Users/paolo/Documents/Poli/HardwareSecurity/SecondaParte/ugp3-v3.4.0_71/ugp3-v3.4.0_71/CMakeFiles/CMakeTmp

Run Build Command:"/usr/bin/make" "cmTC_14b41/fast"
/Library/Developer/CommandLineTools/usr/bin/make -f CMakeFiles/cmTC_14b41.dir/build.make CMakeFiles/cmTC_14b41.dir/build
Building CXX object CMakeFiles/cmTC_14b41.dir/CMakeCXXCompilerABI.cpp.o
/Library/Developer/CommandLineTools/usr/bin/c++     -o CMakeFiles/cmTC_14b41.dir/CMakeCXXCompilerABI.cpp.o -c /usr/local/Cellar/cmake/3.8.0/share/cmake/Modules/CMakeCXXCompilerABI.cpp
Linking CXX executable cmTC_14b41
/usr/local/Cellar/cmake/3.8.0/bin/cmake -E cmake_link_script CMakeFiles/cmTC_14b41.dir/link.txt --verbose=1
/Library/Developer/CommandLineTools/usr/bin/c++    -Wl,-search_paths_first -Wl,-headerpad_max_install_names  -v -Wl,-v CMakeFiles/cmTC_14b41.dir/CMakeCXXCompilerABI.cpp.o  -o cmTC_14b41 
Apple LLVM version 8.1.0 (clang-802.0.38)
Target: x86_64-apple-darwin16.5.0
Thread model: posix
InstalledDir: /Library/Developer/CommandLineTools/usr/bin
 "/Library/Developer/CommandLineTools/usr/bin/ld" -demangle -lto_library /Library/Developer/CommandLineTools/usr/lib/libLTO.dylib -dynamic -arch x86_64 -macosx_version_min 10.12.0 -o cmTC_14b41 -search_paths_first -headerpad_max_install_names -v CMakeFiles/cmTC_14b41.dir/CMakeCXXCompilerABI.cpp.o -lc++ -lSystem /Library/Developer/CommandLineTools/usr/bin/../lib/clang/8.1.0/lib/darwin/libclang_rt.osx.a
@(#)PROGRAM:ld  PROJECT:ld64-278.4
configured to support archs: armv6 armv7 armv7s arm64 i386 x86_64 x86_64h armv6m armv7k armv7m armv7em (tvOS)
Library search paths:
	/usr/lib
	/usr/local/lib
Framework search paths:
	/Library/Frameworks/
	/System/Library/Frameworks/


Parsed CXX implicit link information from above output:
  link line regex: [^( *|.*[/\])(ld|([^/\]+-)?ld|collect2)[^/\]*( |$)]
  ignore line: [Change Dir: /Users/paolo/Documents/Poli/HardwareSecurity/SecondaParte/ugp3-v3.4.0_71/ugp3-v3.4.0_71/CMakeFiles/CMakeTmp]
  ignore line: []
  ignore line: [Run Build Command:"/usr/bin/make" "cmTC_14b41/fast"]
  ignore line: [/Library/Developer/CommandLineTools/usr/bin/make -f CMakeFiles/cmTC_14b41.dir/build.make CMakeFiles/cmTC_14b41.dir/build]
  ignore line: [Building CXX object CMakeFiles/cmTC_14b41.dir/CMakeCXXCompilerABI.cpp.o]
  ignore line: [/Library/Developer/CommandLineTools/usr/bin/c++     -o CMakeFiles/cmTC_14b41.dir/CMakeCXXCompilerABI.cpp.o -c /usr/local/Cellar/cmake/3.8.0/share/cmake/Modules/CMakeCXXCompilerABI.cpp]
  ignore line: [Linking CXX executable cmTC_14b41]
  ignore line: [/usr/local/Cellar/cmake/3.8.0/bin/cmake -E cmake_link_script CMakeFiles/cmTC_14b41.dir/link.txt --verbose=1]
  ignore line: [/Library/Developer/CommandLineTools/usr/bin/c++    -Wl,-search_paths_first -Wl,-headerpad_max_install_names  -v -Wl,-v CMakeFiles/cmTC_14b41.dir/CMakeCXXCompilerABI.cpp.o  -o cmTC_14b41 ]
  ignore line: [Apple LLVM version 8.1.0 (clang-802.0.38)]
  ignore line: [Target: x86_64-apple-darwin16.5.0]
  ignore line: [Thread model: posix]
  ignore line: [InstalledDir: /Library/Developer/CommandLineTools/usr/bin]
  link line: [ "/Library/Developer/CommandLineTools/usr/bin/ld" -demangle -lto_library /Library/Developer/CommandLineTools/usr/lib/libLTO.dylib -dynamic -arch x86_64 -macosx_version_min 10.12.0 -o cmTC_14b41 -search_paths_first -headerpad_max_install_names -v CMakeFiles/cmTC_14b41.dir/CMakeCXXCompilerABI.cpp.o -lc++ -lSystem /Library/Developer/CommandLineTools/usr/bin/../lib/clang/8.1.0/lib/darwin/libclang_rt.osx.a]
    arg [/Library/Developer/CommandLineTools/usr/bin/ld] ==> ignore
    arg [-demangle] ==> ignore
    arg [-lto_library] ==> ignore, skip following value
    arg [/Library/Developer/CommandLineTools/usr/lib/libLTO.dylib] ==> skip value of -lto_library
    arg [-dynamic] ==> ignore
    arg [-arch] ==> ignore
    arg [x86_64] ==> ignore
    arg [-macosx_version_min] ==> ignore
    arg [10.12.0] ==> ignore
    arg [-o] ==> ignore
    arg [cmTC_14b41] ==> ignore
    arg [-search_paths_first] ==> ignore
    arg [-headerpad_max_install_names] ==> ignore
    arg [-v] ==> ignore
    arg [CMakeFiles/cmTC_14b41.dir/CMakeCXXCompilerABI.cpp.o] ==> ignore
    arg [-lc++] ==> lib [c++]
    arg [-lSystem] ==> lib [System]
    arg [/Library/Developer/CommandLineTools/usr/bin/../lib/clang/8.1.0/lib/darwin/libclang_rt.osx.a] ==> lib [/Library/Developer/CommandLineTools/usr/bin/../lib/clang/8.1.0/lib/darwin/libclang_rt.osx.a]
  Library search paths: [;/usr/lib;/usr/local/lib]
  Framework search paths: [;/Library/Frameworks/;/System/Library/Frameworks/]
  remove lib [System]
  remove lib [/Library/Developer/CommandLineTools/usr/bin/../lib/clang/8.1.0/lib/darwin/libclang_rt.osx.a]
  collapse library dir [/usr/lib] ==> [/usr/lib]
  collapse library dir [/usr/local/lib] ==> [/usr/local/lib]
  collapse framework dir [/Library/Frameworks/] ==> [/Library/Frameworks]
  collapse framework dir [/System/Library/Frameworks/] ==> [/System/Library/Frameworks]
  implicit libs: [c++]
  implicit dirs: [/usr/lib;/usr/local/lib]
  implicit fwks: [/Library/Frameworks;/System/Library/Frameworks]




Detecting CXX [-std=c++1z] compiler features compiled with the following output:
Change Dir: /Users/paolo/Documents/Poli/HardwareSecurity/SecondaParte/ugp3-v3.4.0_71/ugp3-v3.4.0_71/CMakeFiles/CMakeTmp

Run Build Command:"/usr/bin/make" "cmTC_76e60/fast"
/Library/Developer/CommandLineTools/usr/bin/make -f CMakeFiles/cmTC_76e60.dir/build.make CMakeFiles/cmTC_76e60.dir/build
Building CXX object CMakeFiles/cmTC_76e60.dir/feature_tests.cxx.o
/Library/Developer/CommandLineTools/usr/bin/c++    -std=c++1z -o CMakeFiles/cmTC_76e60.dir/feature_tests.cxx.o -c /Users/paolo/Documents/Poli/HardwareSecurity/SecondaParte/ugp3-v3.4.0_71/ugp3-v3.4.0_71/CMakeFiles/feature_tests.cxx
Linking CXX executable cmTC_76e60
/usr/local/Cellar/cmake/3.8.0/bin/cmake -E cmake_link_script CMakeFiles/cmTC_76e60.dir/link.txt --verbose=1
/Library/Developer/CommandLineTools/usr/bin/c++    -Wl,-search_paths_first -Wl,-headerpad_max_install_names   CMakeFiles/cmTC_76e60.dir/feature_tests.cxx.o  -o cmTC_76e60 


    Feature record: CXX_FEATURE:1cxx_aggregate_default_initializers
    Feature record: CXX_FEATURE:1cxx_alias_templates
    Feature record: CXX_FEATURE:1cxx_alignas
    Feature record: CXX_FEATURE:1cxx_alignof
    Feature record: CXX_FEATURE:1cxx_attributes
    Feature record: CXX_FEATURE:1cxx_attribute_deprecated
    Feature record: CXX_FEATURE:1cxx_auto_type
    Feature record: CXX_FEATURE:1cxx_binary_literals
    Feature record: CXX_FEATURE:1cxx_constexpr
    Feature record: CXX_FEATURE:1cxx_contextual_conversions
    Feature record: CXX_FEATURE:1cxx_decltype
    Feature record: CXX_FEATURE:1cxx_decltype_auto
    Feature record: CXX_FEATURE:1cxx_decltype_incomplete_return_types
    Feature record: CXX_FEATURE:1cxx_default_function_template_args
    Feature record: CXX_FEATURE:1cxx_defaulted_functions
    Feature record: CXX_FEATURE:1cxx_defaulted_move_initializers
    Feature record: CXX_FEATURE:1cxx_delegating_constructors
    Feature record: CXX_FEATURE:1cxx_deleted_functions
    Feature record: CXX_FEATURE:1cxx_digit_separators
    Feature record: CXX_FEATURE:1cxx_enum_forward_declarations
    Feature record: CXX_FEATURE:1cxx_explicit_conversions
    Feature record: CXX_FEATURE:1cxx_extended_friend_declarations
    Feature record: CXX_FEATURE:1cxx_extern_templates
    Feature record: CXX_FEATURE:1cxx_final
    Feature record: CXX_FEATURE:1cxx_func_identifier
    Feature record: CXX_FEATURE:1cxx_generalized_initializers
    Feature record: CXX_FEATURE:1cxx_generic_lambdas
    Feature record: CXX_FEATURE:1cxx_inheriting_constructors
    Feature record: CXX_FEATURE:1cxx_inline_namespaces
    Feature record: CXX_FEATURE:1cxx_lambdas
    Feature record: CXX_FEATURE:1cxx_lambda_init_captures
    Feature record: CXX_FEATURE:1cxx_local_type_template_args
    Feature record: CXX_FEATURE:1cxx_long_long_type
    Feature record: CXX_FEATURE:1cxx_noexcept
    Feature record: CXX_FEATURE:1cxx_nonstatic_member_init
    Feature record: CXX_FEATURE:1cxx_nullptr
    Feature record: CXX_FEATURE:1cxx_override
    Feature record: CXX_FEATURE:1cxx_range_for
    Feature record: CXX_FEATURE:1cxx_raw_string_literals
    Feature record: CXX_FEATURE:1cxx_reference_qualified_functions
    Feature record: CXX_FEATURE:1cxx_relaxed_constexpr
    Feature record: CXX_FEATURE:1cxx_return_type_deduction
    Feature record: CXX_FEATURE:1cxx_right_angle_brackets
    Feature record: CXX_FEATURE:1cxx_rvalue_references
    Feature record: CXX_FEATURE:1cxx_sizeof_member
    Feature record: CXX_FEATURE:1cxx_static_assert
    Feature record: CXX_FEATURE:1cxx_strong_enums
    Feature record: CXX_FEATURE:1cxx_template_template_parameters
    Feature record: CXX_FEATURE:1cxx_thread_local
    Feature record: CXX_FEATURE:1cxx_trailing_return_types
    Feature record: CXX_FEATURE:1cxx_unicode_literals
    Feature record: CXX_FEATURE:1cxx_uniform_initialization
    Feature record: CXX_FEATURE:1cxx_unrestricted_unions
    Feature record: CXX_FEATURE:1cxx_user_literals
    Feature record: CXX_FEATURE:1cxx_variable_templates
    Feature record: CXX_FEATURE:1cxx_variadic_macros
    Feature record: CXX_FEATURE:1cxx_variadic_templates


Detecting CXX [-std=c++14] compiler features compiled with the following output:
Change Dir: /Users/paolo/Documents/Poli/HardwareSecurity/SecondaParte/ugp3-v3.4.0_71/ugp3-v3.4.0_71/CMakeFiles/CMakeTmp

Run Build Command:"/usr/bin/make" "cmTC_cab5b/fast"
/Library/Developer/CommandLineTools/usr/bin/make -f CMakeFiles/cmTC_cab5b.dir/build.make CMakeFiles/cmTC_cab5b.dir/build
Building CXX object CMakeFiles/cmTC_cab5b.dir/feature_tests.cxx.o
/Library/Developer/CommandLineTools/usr/bin/c++    -std=c++14 -o CMakeFiles/cmTC_cab5b.dir/feature_tests.cxx.o -c /Users/paolo/Documents/Poli/HardwareSecurity/SecondaParte/ugp3-v3.4.0_71/ugp3-v3.4.0_71/CMakeFiles/feature_tests.cxx
Linking CXX executable cmTC_cab5b
/usr/local/Cellar/cmake/3.8.0/bin/cmake -E cmake_link_script CMakeFiles/cmTC_cab5b.dir/link.txt --verbose=1
/Library/Developer/CommandLineTools/usr/bin/c++    -Wl,-search_paths_first -Wl,-headerpad_max_install_names   CMakeFiles/cmTC_cab5b.dir/feature_tests.cxx.o  -o cmTC_cab5b 


    Feature record: CXX_FEATURE:1cxx_aggregate_default_initializers
    Feature record: CXX_FEATURE:1cxx_alias_templates
    Feature record: CXX_FEATURE:1cxx_alignas
    Feature record: CXX_FEATURE:1cxx_alignof
    Feature record: CXX_FEATURE:1cxx_attributes
    Feature record: CXX_FEATURE:1cxx_attribute_deprecated
    Feature record: CXX_FEATURE:1cxx_auto_type
    Feature record: CXX_FEATURE:1cxx_binary_literals
    Feature record: CXX_FEATURE:1cxx_constexpr
    Feature record: CXX_FEATURE:1cxx_contextual_conversions
    Feature record: CXX_FEATURE:1cxx_decltype
    Feature record: CXX_FEATURE:1cxx_decltype_auto
    Feature record: CXX_FEATURE:1cxx_decltype_incomplete_return_types
    Feature record: CXX_FEATURE:1cxx_default_function_template_args
    Feature record: CXX_FEATURE:1cxx_defaulted_functions
    Feature record: CXX_FEATURE:1cxx_defaulted_move_initializers
    Feature record: CXX_FEATURE:1cxx_delegating_constructors
    Feature record: CXX_FEATURE:1cxx_deleted_functions
    Feature record: CXX_FEATURE:1cxx_digit_separators
    Feature record: CXX_FEATURE:1cxx_enum_forward_declarations
    Feature record: CXX_FEATURE:1cxx_explicit_conversions
    Feature record: CXX_FEATURE:1cxx_extended_friend_declarations
    Feature record: CXX_FEATURE:1cxx_extern_templates
    Feature record: CXX_FEATURE:1cxx_final
    Feature record: CXX_FEATURE:1cxx_func_identifier
    Feature record: CXX_FEATURE:1cxx_generalized_initializers
    Feature record: CXX_FEATURE:1cxx_generic_lambdas
    Feature record: CXX_FEATURE:1cxx_inheriting_constructors
    Feature record: CXX_FEATURE:1cxx_inline_namespaces
    Feature record: CXX_FEATURE:1cxx_lambdas
    Feature record: CXX_FEATURE:1cxx_lambda_init_captures
    Feature record: CXX_FEATURE:1cxx_local_type_template_args
    Feature record: CXX_FEATURE:1cxx_long_long_type
    Feature record: CXX_FEATURE:1cxx_noexcept
    Feature record: CXX_FEATURE:1cxx_nonstatic_member_init
    Feature record: CXX_FEATURE:1cxx_nullptr
    Feature record: CXX_FEATURE:1cxx_override
    Feature record: CXX_FEATURE:1cxx_range_for
    Feature record: CXX_FEATURE:1cxx_raw_string_literals
    Feature record: CXX_FEATURE:1cxx_reference_qualified_functions
    Feature record: CXX_FEATURE:1cxx_relaxed_constexpr
    Feature record: CXX_FEATURE:1cxx_return_type_deduction
    Feature record: CXX_FEATURE:1cxx_right_angle_brackets
    Feature record: CXX_FEATURE:1cxx_rvalue_references
    Feature record: CXX_FEATURE:1cxx_sizeof_member
    Feature record: CXX_FEATURE:1cxx_static_assert
    Feature record: CXX_FEATURE:1cxx_strong_enums
    Feature record: CXX_FEATURE:1cxx_template_template_parameters
    Feature record: CXX_FEATURE:1cxx_thread_local
    Feature record: CXX_FEATURE:1cxx_trailing_return_types
    Feature record: CXX_FEATURE:1cxx_unicode_literals
    Feature record: CXX_FEATURE:1cxx_uniform_initialization
    Feature record: CXX_FEATURE:1cxx_unrestricted_unions
    Feature record: CXX_FEATURE:1cxx_user_literals
    Feature record: CXX_FEATURE:1cxx_variable_templates
    Feature record: CXX_FEATURE:1cxx_variadic_macros
    Feature record: CXX_FEATURE:1cxx_variadic_templates


Detecting CXX [-std=c++11] compiler features compiled with the following output:
Change Dir: /Users/paolo/Documents/Poli/HardwareSecurity/SecondaParte/ugp3-v3.4.0_71/ugp3-v3.4.0_71/CMakeFiles/CMakeTmp

Run Build Command:"/usr/bin/make" "cmTC_10f37/fast"
/Library/Developer/CommandLineTools/usr/bin/make -f CMakeFiles/cmTC_10f37.dir/build.make CMakeFiles/cmTC_10f37.dir/build
Building CXX object CMakeFiles/cmTC_10f37.dir/feature_tests.cxx.o
/Library/Developer/CommandLineTools/usr/bin/c++    -std=c++11 -o CMakeFiles/cmTC_10f37.dir/feature_tests.cxx.o -c /Users/paolo/Documents/Poli/HardwareSecurity/SecondaParte/ugp3-v3.4.0_71/ugp3-v3.4.0_71/CMakeFiles/feature_tests.cxx
Linking CXX executable cmTC_10f37
/usr/local/Cellar/cmake/3.8.0/bin/cmake -E cmake_link_script CMakeFiles/cmTC_10f37.dir/link.txt --verbose=1
/Library/Developer/CommandLineTools/usr/bin/c++    -Wl,-search_paths_first -Wl,-headerpad_max_install_names   CMakeFiles/cmTC_10f37.dir/feature_tests.cxx.o  -o cmTC_10f37 


    Feature record: CXX_FEATURE:0cxx_aggregate_default_initializers
    Feature record: CXX_FEATURE:1cxx_alias_templates
    Feature record: CXX_FEATURE:1cxx_alignas
    Feature record: CXX_FEATURE:1cxx_alignof
    Feature record: CXX_FEATURE:1cxx_attributes
    Feature record: CXX_FEATURE:0cxx_attribute_deprecated
    Feature record: CXX_FEATURE:1cxx_auto_type
    Feature record: CXX_FEATURE:0cxx_binary_literals
    Feature record: CXX_FEATURE:1cxx_constexpr
    Feature record: CXX_FEATURE:0cxx_contextual_conversions
    Feature record: CXX_FEATURE:1cxx_decltype
    Feature record: CXX_FEATURE:0cxx_decltype_auto
    Feature record: CXX_FEATURE:1cxx_decltype_incomplete_return_types
    Feature record: CXX_FEATURE:1cxx_default_function_template_args
    Feature record: CXX_FEATURE:1cxx_defaulted_functions
    Feature record: CXX_FEATURE:1cxx_defaulted_move_initializers
    Feature record: CXX_FEATURE:1cxx_delegating_constructors
    Feature record: CXX_FEATURE:1cxx_deleted_functions
    Feature record: CXX_FEATURE:0cxx_digit_separators
    Feature record: CXX_FEATURE:1cxx_enum_forward_declarations
    Feature record: CXX_FEATURE:1cxx_explicit_conversions
    Feature record: CXX_FEATURE:1cxx_extended_friend_declarations
    Feature record: CXX_FEATURE:1cxx_extern_templates
    Feature record: CXX_FEATURE:1cxx_final
    Feature record: CXX_FEATURE:1cxx_func_identifier
    Feature record: CXX_FEATURE:1cxx_generalized_initializers
    Feature record: CXX_FEATURE:0cxx_generic_lambdas
    Feature record: CXX_FEATURE:1cxx_inheriting_constructors
    Feature record: CXX_FEATURE:1cxx_inline_namespaces
    Feature record: CXX_FEATURE:1cxx_lambdas
    Feature record: CXX_FEATURE:0cxx_lambda_init_captures
    Feature record: CXX_FEATURE:1cxx_local_type_template_args
    Feature record: CXX_FEATURE:1cxx_long_long_type
    Feature record: CXX_FEATURE:1cxx_noexcept
    Feature record: CXX_FEATURE:1cxx_nonstatic_member_init
    Feature record: CXX_FEATURE:1cxx_nullptr
    Feature record: CXX_FEATURE:1cxx_override
    Feature record: CXX_FEATURE:1cxx_range_for
    Feature record: CXX_FEATURE:1cxx_raw_string_literals
    Feature record: CXX_FEATURE:1cxx_reference_qualified_functions
    Feature record: CXX_FEATURE:0cxx_relaxed_constexpr
    Feature record: CXX_FEATURE:0cxx_return_type_deduction
    Feature record: CXX_FEATURE:1cxx_right_angle_brackets
    Feature record: CXX_FEATURE:1cxx_rvalue_references
    Feature record: CXX_FEATURE:1cxx_sizeof_member
    Feature record: CXX_FEATURE:1cxx_static_assert
    Feature record: CXX_FEATURE:1cxx_strong_enums
    Feature record: CXX_FEATURE:1cxx_template_template_parameters
    Feature record: CXX_FEATURE:1cxx_thread_local
    Feature record: CXX_FEATURE:1cxx_trailing_return_types
    Feature record: CXX_FEATURE:1cxx_unicode_literals
    Feature record: CXX_FEATURE:1cxx_uniform_initialization
    Feature record: CXX_FEATURE:1cxx_unrestricted_unions
    Feature record: CXX_FEATURE:1cxx_user_literals
    Feature record: CXX_FEATURE:0cxx_variable_templates
    Feature record: CXX_FEATURE:1cxx_variadic_macros
    Feature record: CXX_FEATURE:1cxx_variadic_templates


Detecting CXX [-std=c++98] compiler features compiled with the following output:
Change Dir: /Users/paolo/Documents/Poli/HardwareSecurity/SecondaParte/ugp3-v3.4.0_71/ugp3-v3.4.0_71/CMakeFiles/CMakeTmp

Run Build Command:"/usr/bin/make" "cmTC_f92e0/fast"
/Library/Developer/CommandLineTools/usr/bin/make -f CMakeFiles/cmTC_f92e0.dir/build.make CMakeFiles/cmTC_f92e0.dir/build
Building CXX object CMakeFiles/cmTC_f92e0.dir/feature_tests.cxx.o
/Library/Developer/CommandLineTools/usr/bin/c++    -std=c++98 -o CMakeFiles/cmTC_f92e0.dir/feature_tests.cxx.o -c /Users/paolo/Documents/Poli/HardwareSecurity/SecondaParte/ugp3-v3.4.0_71/ugp3-v3.4.0_71/CMakeFiles/feature_tests.cxx
Linking CXX executable cmTC_f92e0
/usr/local/Cellar/cmake/3.8.0/bin/cmake -E cmake_link_script CMakeFiles/cmTC_f92e0.dir/link.txt --verbose=1
/Library/Developer/CommandLineTools/usr/bin/c++    -Wl,-search_paths_first -Wl,-headerpad_max_install_names   CMakeFiles/cmTC_f92e0.dir/feature_tests.cxx.o  -o cmTC_f92e0 


    Feature record: CXX_FEATURE:0cxx_aggregate_default_initializers
    Feature record: CXX_FEATURE:0cxx_alias_templates
    Feature record: CXX_FEATURE:0cxx_alignas
    Feature record: CXX_FEATURE:0cxx_alignof
    Feature record: CXX_FEATURE:0cxx_attributes
    Feature record: CXX_FEATURE:0cxx_attribute_deprecated
    Feature record: CXX_FEATURE:0cxx_auto_type
    Feature record: CXX_FEATURE:0cxx_binary_literals
    Feature record: CXX_FEATURE:0cxx_constexpr
    Feature record: CXX_FEATURE:0cxx_contextual_conversions
    Feature record: CXX_FEATURE:0cxx_decltype
    Feature record: CXX_FEATURE:0cxx_decltype_auto
    Feature record: CXX_FEATURE:0cxx_decltype_incomplete_return_types
    Feature record: CXX_FEATURE:0cxx_default_function_template_args
    Feature record: CXX_FEATURE:0cxx_defaulted_functions
    Feature record: CXX_FEATURE:0cxx_defaulted_move_initializers
    Feature record: CXX_FEATURE:0cxx_delegating_constructors
    Feature record: CXX_FEATURE:0cxx_deleted_functions
    Feature record: CXX_FEATURE:0cxx_digit_separators
    Feature record: CXX_FEATURE:0cxx_enum_forward_declarations
    Feature record: CXX_FEATURE:0cxx_explicit_conversions
    Feature record: CXX_FEATURE:0cxx_extended_friend_declarations
    Feature record: CXX_FEATURE:0cxx_extern_templates
    Feature record: CXX_FEATURE:0cxx_final
    Feature record: CXX_FEATURE:0cxx_func_identifier
    Feature record: CXX_FEATURE:0cxx_generalized_initializers
    Feature record: CXX_FEATURE:0cxx_generic_lambdas
    Feature record: CXX_FEATURE:0cxx_inheriting_constructors
    Feature record: CXX_FEATURE:0cxx_inline_namespaces
    Feature record: CXX_FEATURE:0cxx_lambdas
    Feature record: CXX_FEATURE:0cxx_lambda_init_captures
    Feature record: CXX_FEATURE:0cxx_local_type_template_args
    Feature record: CXX_FEATURE:0cxx_long_long_type
    Feature record: CXX_FEATURE:0cxx_noexcept
    Feature record: CXX_FEATURE:0cxx_nonstatic_member_init
    Feature record: CXX_FEATURE:0cxx_nullptr
    Feature record: CXX_FEATURE:0cxx_override
    Feature record: CXX_FEATURE:0cxx_range_for
    Feature record: CXX_FEATURE:0cxx_raw_string_literals
    Feature record: CXX_FEATURE:0cxx_reference_qualified_functions
    Feature record: CXX_FEATURE:0cxx_relaxed_constexpr
    Feature record: CXX_FEATURE:0cxx_return_type_deduction
    Feature record: CXX_FEATURE:0cxx_right_angle_brackets
    Feature record: CXX_FEATURE:0cxx_rvalue_references
    Feature record: CXX_FEATURE:0cxx_sizeof_member
    Feature record: CXX_FEATURE:0cxx_static_assert
    Feature record: CXX_FEATURE:0cxx_strong_enums
    Feature record: CXX_FEATURE:1cxx_template_template_parameters
    Feature record: CXX_FEATURE:0cxx_thread_local
    Feature record: CXX_FEATURE:0cxx_trailing_return_types
    Feature record: CXX_FEATURE:0cxx_unicode_literals
    Feature record: CXX_FEATURE:0cxx_uniform_initialization
    Feature record: CXX_FEATURE:0cxx_unrestricted_unions
    Feature record: CXX_FEATURE:0cxx_user_literals
    Feature record: CXX_FEATURE:0cxx_variable_templates
    Feature record: CXX_FEATURE:0cxx_variadic_macros
    Feature record: CXX_FEATURE:0cxx_variadic_templates
Determining if files termios.h exist passed with the following output:
Change Dir: /Users/paolo/Documents/Poli/HardwareSecurity/SecondaParte/ugp3-v3.4.0_71/ugp3-v3.4.0_71/CMakeFiles/CMakeTmp

Run Build Command:"/usr/bin/make" "cmTC_fd8c4/fast"
/Library/Developer/CommandLineTools/usr/bin/make -f CMakeFiles/cmTC_fd8c4.dir/build.make CMakeFiles/cmTC_fd8c4.dir/build
Building C object CMakeFiles/cmTC_fd8c4.dir/CheckIncludeFiles.c.o
/Library/Developer/CommandLineTools/usr/bin/cc    -o CMakeFiles/cmTC_fd8c4.dir/CheckIncludeFiles.c.o   -c /Users/paolo/Documents/Poli/HardwareSecurity/SecondaParte/ugp3-v3.4.0_71/ugp3-v3.4.0_71/CMakeFiles/CMakeTmp/CheckIncludeFiles.c
Linking C executable cmTC_fd8c4
/usr/local/Cellar/cmake/3.8.0/bin/cmake -E cmake_link_script CMakeFiles/cmTC_fd8c4.dir/link.txt --verbose=1
/Library/Developer/CommandLineTools/usr/bin/cc   -Wl,-search_paths_first -Wl,-headerpad_max_install_names   CMakeFiles/cmTC_fd8c4.dir/CheckIncludeFiles.c.o  -o cmTC_fd8c4 


Determining if the function putenv exists passed with the following output:
Change Dir: /Users/paolo/Documents/Poli/HardwareSecurity/SecondaParte/ugp3-v3.4.0_71/ugp3-v3.4.0_71/CMakeFiles/CMakeTmp

Run Build Command:"/usr/bin/make" "cmTC_0e8a0/fast"
/Library/Developer/CommandLineTools/usr/bin/make -f CMakeFiles/cmTC_0e8a0.dir/build.make CMakeFiles/cmTC_0e8a0.dir/build
Building C object CMakeFiles/cmTC_0e8a0.dir/CheckFunctionExists.c.o
/Library/Developer/CommandLineTools/usr/bin/cc   -DCHECK_FUNCTION_EXISTS=putenv   -o CMakeFiles/cmTC_0e8a0.dir/CheckFunctionExists.c.o   -c /usr/local/Cellar/cmake/3.8.0/share/cmake/Modules/CheckFunctionExists.c
Linking C executable cmTC_0e8a0
/usr/local/Cellar/cmake/3.8.0/bin/cmake -E cmake_link_script CMakeFiles/cmTC_0e8a0.dir/link.txt --verbose=1
/Library/Developer/CommandLineTools/usr/bin/cc  -DCHECK_FUNCTION_EXISTS=putenv -Wl,-search_paths_first -Wl,-headerpad_max_install_names   CMakeFiles/cmTC_0e8a0.dir/CheckFunctionExists.c.o  -o cmTC_0e8a0 


Determining if the function setenv exists passed with the following output:
Change Dir: /Users/paolo/Documents/Poli/HardwareSecurity/SecondaParte/ugp3-v3.4.0_71/ugp3-v3.4.0_71/CMakeFiles/CMakeTmp

Run Build Command:"/usr/bin/make" "cmTC_d0cce/fast"
/Library/Developer/CommandLineTools/usr/bin/make -f CMakeFiles/cmTC_d0cce.dir/build.make CMakeFiles/cmTC_d0cce.dir/build
Building C object CMakeFiles/cmTC_d0cce.dir/CheckFunctionExists.c.o
/Library/Developer/CommandLineTools/usr/bin/cc   -DCHECK_FUNCTION_EXISTS=setenv   -o CMakeFiles/cmTC_d0cce.dir/CheckFunctionExists.c.o   -c /usr/local/Cellar/cmake/3.8.0/share/cmake/Modules/CheckFunctionExists.c
Linking C executable cmTC_d0cce
/usr/local/Cellar/cmake/3.8.0/bin/cmake -E cmake_link_script CMakeFiles/cmTC_d0cce.dir/link.txt --verbose=1
/Library/Developer/CommandLineTools/usr/bin/cc  -DCHECK_FUNCTION_EXISTS=setenv -Wl,-search_paths_first -Wl,-headerpad_max_install_names   CMakeFiles/cmTC_d0cce.dir/CheckFunctionExists.c.o  -o cmTC_d0cce 


Determining if the function getenv exists passed with the following output:
Change Dir: /Users/paolo/Documents/Poli/HardwareSecurity/SecondaParte/ugp3-v3.4.0_71/ugp3-v3.4.0_71/CMakeFiles/CMakeTmp

Run Build Command:"/usr/bin/make" "cmTC_30dea/fast"
/Library/Developer/CommandLineTools/usr/bin/make -f CMakeFiles/cmTC_30dea.dir/build.make CMakeFiles/cmTC_30dea.dir/build
Building C object CMakeFiles/cmTC_30dea.dir/CheckFunctionExists.c.o
/Library/Developer/CommandLineTools/usr/bin/cc   -DCHECK_FUNCTION_EXISTS=getenv   -o CMakeFiles/cmTC_30dea.dir/CheckFunctionExists.c.o   -c /usr/local/Cellar/cmake/3.8.0/share/cmake/Modules/CheckFunctionExists.c
Linking C executable cmTC_30dea
/usr/local/Cellar/cmake/3.8.0/bin/cmake -E cmake_link_script CMakeFiles/cmTC_30dea.dir/link.txt --verbose=1
/Library/Developer/CommandLineTools/usr/bin/cc  -DCHECK_FUNCTION_EXISTS=getenv -Wl,-search_paths_first -Wl,-headerpad_max_install_names   CMakeFiles/cmTC_30dea.dir/CheckFunctionExists.c.o  -o cmTC_30dea 


Determining if the include file sys/types.h exists passed with the following output:
Change Dir: /Users/paolo/Documents/Poli/HardwareSecurity/SecondaParte/ugp3-v3.4.0_71/ugp3-v3.4.0_71/CMakeFiles/CMakeTmp

Run Build Command:"/usr/bin/make" "cmTC_28fd6/fast"
/Library/Developer/CommandLineTools/usr/bin/make -f CMakeFiles/cmTC_28fd6.dir/build.make CMakeFiles/cmTC_28fd6.dir/build
Building C object CMakeFiles/cmTC_28fd6.dir/CheckIncludeFile.c.o
/Library/Developer/CommandLineTools/usr/bin/cc    -o CMakeFiles/cmTC_28fd6.dir/CheckIncludeFile.c.o   -c /Users/paolo/Documents/Poli/HardwareSecurity/SecondaParte/ugp3-v3.4.0_71/ugp3-v3.4.0_71/CMakeFiles/CMakeTmp/CheckIncludeFile.c
Linking C executable cmTC_28fd6
/usr/local/Cellar/cmake/3.8.0/bin/cmake -E cmake_link_script CMakeFiles/cmTC_28fd6.dir/link.txt --verbose=1
/Library/Developer/CommandLineTools/usr/bin/cc   -Wl,-search_paths_first -Wl,-headerpad_max_install_names   CMakeFiles/cmTC_28fd6.dir/CheckIncludeFile.c.o  -o cmTC_28fd6 


Determining if the include file stdint.h exists passed with the following output:
Change Dir: /Users/paolo/Documents/Poli/HardwareSecurity/SecondaParte/ugp3-v3.4.0_71/ugp3-v3.4.0_71/CMakeFiles/CMakeTmp

Run Build Command:"/usr/bin/make" "cmTC_69eff/fast"
/Library/Developer/CommandLineTools/usr/bin/make -f CMakeFiles/cmTC_69eff.dir/build.make CMakeFiles/cmTC_69eff.dir/build
Building C object CMakeFiles/cmTC_69eff.dir/CheckIncludeFile.c.o
/Library/Developer/CommandLineTools/usr/bin/cc    -o CMakeFiles/cmTC_69eff.dir/CheckIncludeFile.c.o   -c /Users/paolo/Documents/Poli/HardwareSecurity/SecondaParte/ugp3-v3.4.0_71/ugp3-v3.4.0_71/CMakeFiles/CMakeTmp/CheckIncludeFile.c
Linking C executable cmTC_69eff
/usr/local/Cellar/cmake/3.8.0/bin/cmake -E cmake_link_script CMakeFiles/cmTC_69eff.dir/link.txt --verbose=1
/Library/Developer/CommandLineTools/usr/bin/cc   -Wl,-search_paths_first -Wl,-headerpad_max_install_names   CMakeFiles/cmTC_69eff.dir/CheckIncludeFile.c.o  -o cmTC_69eff 


Determining if the include file stddef.h exists passed with the following output:
Change Dir: /Users/paolo/Documents/Poli/HardwareSecurity/SecondaParte/ugp3-v3.4.0_71/ugp3-v3.4.0_71/CMakeFiles/CMakeTmp

Run Build Command:"/usr/bin/make" "cmTC_4e105/fast"
/Library/Developer/CommandLineTools/usr/bin/make -f CMakeFiles/cmTC_4e105.dir/build.make CMakeFiles/cmTC_4e105.dir/build
Building C object CMakeFiles/cmTC_4e105.dir/CheckIncludeFile.c.o
/Library/Developer/CommandLineTools/usr/bin/cc    -o CMakeFiles/cmTC_4e105.dir/CheckIncludeFile.c.o   -c /Users/paolo/Documents/Poli/HardwareSecurity/SecondaParte/ugp3-v3.4.0_71/ugp3-v3.4.0_71/CMakeFiles/CMakeTmp/CheckIncludeFile.c
Linking C executable cmTC_4e105
/usr/local/Cellar/cmake/3.8.0/bin/cmake -E cmake_link_script CMakeFiles/cmTC_4e105.dir/link.txt --verbose=1
/Library/Developer/CommandLineTools/usr/bin/cc   -Wl,-search_paths_first -Wl,-headerpad_max_install_names   CMakeFiles/cmTC_4e105.dir/CheckIncludeFile.c.o  -o cmTC_4e105 


Determining size of time_t passed with the following output:
Change Dir: /Users/paolo/Documents/Poli/HardwareSecurity/SecondaParte/ugp3-v3.4.0_71/ugp3-v3.4.0_71/CMakeFiles/CMakeTmp

Run Build Command:"/usr/bin/make" "cmTC_86ead/fast"
/Library/Developer/CommandLineTools/usr/bin/make -f CMakeFiles/cmTC_86ead.dir/build.make CMakeFiles/cmTC_86ead.dir/build
Building C object CMakeFiles/cmTC_86ead.dir/SIZEOF_TIME_T.c.o
/Library/Developer/CommandLineTools/usr/bin/cc    -o CMakeFiles/cmTC_86ead.dir/SIZEOF_TIME_T.c.o   -c /Users/paolo/Documents/Poli/HardwareSecurity/SecondaParte/ugp3-v3.4.0_71/ugp3-v3.4.0_71/CMakeFiles/CheckTypeSize/SIZEOF_TIME_T.c
Linking C executable cmTC_86ead
/usr/local/Cellar/cmake/3.8.0/bin/cmake -E cmake_link_script CMakeFiles/cmTC_86ead.dir/link.txt --verbose=1
/Library/Developer/CommandLineTools/usr/bin/cc   -Wl,-search_paths_first -Wl,-headerpad_max_install_names   CMakeFiles/cmTC_86ead.dir/SIZEOF_TIME_T.c.o  -o cmTC_86ead 


Determining size of long passed with the following output:
Change Dir: /Users/paolo/Documents/Poli/HardwareSecurity/SecondaParte/ugp3-v3.4.0_71/ugp3-v3.4.0_71/CMakeFiles/CMakeTmp

Run Build Command:"/usr/bin/make" "cmTC_ed472/fast"
/Library/Developer/CommandLineTools/usr/bin/make -f CMakeFiles/cmTC_ed472.dir/build.make CMakeFiles/cmTC_ed472.dir/build
Building C object CMakeFiles/cmTC_ed472.dir/SIZEOF_LONG.c.o
/Library/Developer/CommandLineTools/usr/bin/cc    -o CMakeFiles/cmTC_ed472.dir/SIZEOF_LONG.c.o   -c /Users/paolo/Documents/Poli/HardwareSecurity/SecondaParte/ugp3-v3.4.0_71/ugp3-v3.4.0_71/CMakeFiles/CheckTypeSize/SIZEOF_LONG.c
Linking C executable cmTC_ed472
/usr/local/Cellar/cmake/3.8.0/bin/cmake -E cmake_link_script CMakeFiles/cmTC_ed472.dir/link.txt --verbose=1
/Library/Developer/CommandLineTools/usr/bin/cc   -Wl,-search_paths_first -Wl,-headerpad_max_install_names   CMakeFiles/cmTC_ed472.dir/SIZEOF_LONG.c.o  -o cmTC_ed472 


