1	0000  241F0000            	ADDIU $31, $0, 0	; 
2	0004  241E0024            	ADDIU $30, $0, 36	; 
3	0008  00210824            	AND $1, $1, $1	; $1 <- nth
4	000C  8FE10400            	LW $1, 1024($31)	; 
5	0010  3C1F0001            LUI $31, 1
6	0014  001FFB82            SRL $31, $31, 14	; = 4
7	0018  00421024            	AND $2, $2, $2	; $2 <- nth+1 (it's the index in the Fibonacci's serie)
8	001C  8FE20400            	LW $2, 1024($31)	; 
9	0020  00410820            ADD $1, $2, $1		; 2
10	0024  001FF840            SLL $31, $31, 1		; index <- 4*2
11	0028  00260826            	XOR $1, $1, $6	; 
12	002C  00C13026            	XOR $6, $6, $1	; 
13	0030  00260826            	XOR $1, $1, $6	; 
14	0034  AFE60400            	SW $6, 1024($31)	; 
15	0038  00260826            	XOR $1, $1, $6	; 
16	003C  00C13026            	XOR $6, $6, $1	; 
17	0040  00260826            	XOR $1, $1, $6	; 
18	0044  00000000            	SLL $0, $0, 0 ;
19	0048  00411020            ADD $2, $2, $1		; 3
20	004C  27FF0004            ADDIU $31, $31, 4	; index <- 12
21	0050  AFE20400            SW $2, 1024($31)	; 
22	0054  00410820            label: ADD $1, $2, $1		; 5
23	0058  23FF0004            	   ADDI $31, $31, 4	; index <-16
24	005C  AFE10400                   SW $1, 1024($31)
25	0060  00411021            	ADDU $2, $2, $1	; 8
26	0064  27FF0004                   ADDIU $31, $31, 4	; index <- 20
27	0068  00461026            	XOR $2, $2, $6	; 
28	006C  00C23026            	XOR $6, $6, $2	; 
29	0070  00461026            	XOR $2, $2, $6	; 
30	0074  AFE60400            	SW $6, 1024($31)	; 
31	0078  00461026            	XOR $2, $2, $6	; 
32	007C  00C23026            	XOR $6, $6, $2	; 
33	0080  00461026            	XOR $2, $2, $6	; 
34	0084  17FEFFF4                   BNE $31, $30, label
35	0088  20000000            	ADDI $0, $0, 0	; 
36	008C  00000004            	SLLV $0, $0, $0	; 
37	0090  08000024            end: j end
38	                          
Table des étiquettes :
end	0090
label	0054
